<?xml version="1.0" encoding="UTF-8"?>
<robot generator="Robot 7.0.1 (Python 3.12.4 on win32)" generated="2024-08-29T15:17:41.241194" rpa="false" schemaversion="5">
<suite id="s1" name="Tests" source="c:\Users\Pedro\Desktop\Desafio\DESAFIO_ACCENTURE\WEB\Tests\Tests.robot">
<test id="s1-t1" name="Scenario: Desafio 1 Accenture" line="12">
<kw name="Open Session" owner="config" type="SETUP">
<kw name="Open Browser" owner="SeleniumLibrary">
<msg time="2024-08-29T15:17:42.267086" level="INFO">Opening browser 'chrome' to base url 'about:blank'.</msg>
<arg>about:blank</arg>
<arg>${BROWSER.NAME}</arg>
<arg>options=add_experimental_option("excludeSwitches", ["enable-logging"]); add_argument("--window-size=1920,1080"); add_experimental_option("detach", True)</arg>
<doc>Opens a new browser instance to the optional ``url``.</doc>
<status status="PASS" start="2024-08-29T15:17:42.267086" elapsed="3.436434"/>
</kw>
<kw name="Go To" owner="SeleniumLibrary">
<msg time="2024-08-29T15:17:45.705304" level="INFO">Opening url 'https://demoqa.com/'</msg>
<arg>${BROWSER.URL}</arg>
<doc>Navigates the current browser window to the provided ``url``.</doc>
<status status="PASS" start="2024-08-29T15:17:45.703746" elapsed="2.969867"/>
</kw>
<kw name="Set Selenium Timeout" owner="SeleniumLibrary">
<arg>30</arg>
<doc>Sets the timeout that is used by various keywords.</doc>
<status status="PASS" start="2024-08-29T15:17:48.676611" elapsed="0.013002"/>
</kw>
<kw name="Maximize Browser Window" owner="SeleniumLibrary">
<doc>Maximizes current browser window.</doc>
<status status="PASS" start="2024-08-29T15:17:48.689613" elapsed="0.075544"/>
</kw>
<status status="PASS" start="2024-08-29T15:17:42.265086" elapsed="6.500071"/>
</kw>
<kw name="Given Desafio_1_Accenture" owner="methods">
<kw name="Click Element" owner="SeleniumLibrary">
<msg time="2024-08-29T15:17:48.767670" level="INFO">Clicking element 'locator'.</msg>
<msg time="2024-08-29T15:17:48.964806" level="INFO" html="true">&lt;/td&gt;&lt;/tr&gt;&lt;tr&gt;&lt;td colspan="3"&gt;&lt;a href="selenium-screenshot-1.png"&gt;&lt;img src="selenium-screenshot-1.png" width="800px"&gt;&lt;/a&gt;</msg>
<msg time="2024-08-29T15:17:48.964806" level="FAIL">Element with locator 'locator' not found.</msg>
<arg>locator</arg>
<doc>Click the element identified by ``locator``.</doc>
<status status="FAIL" start="2024-08-29T15:17:48.767670" elapsed="0.201140">Element with locator 'locator' not found.</status>
</kw>
<status status="FAIL" start="2024-08-29T15:17:48.767159" elapsed="0.201651">Element with locator 'locator' not found.</status>
</kw>
<status status="FAIL" start="2024-08-29T15:17:42.264086" elapsed="6.706722">Element with locator 'locator' not found.</status>
</test>
<doc>Cenários automatizados sprint 1 Lista de verificação</doc>
<status status="FAIL" start="2024-08-29T15:17:41.259711" elapsed="7.712101"/>
</suite>
<statistics>
<total>
<stat pass="0" fail="1" skip="0">All Tests</stat>
</total>
<tag>
</tag>
<suite>
<stat pass="0" fail="1" skip="0" id="s1" name="Tests">Tests</stat>
</suite>
</statistics>
<errors>
<msg time="2024-08-29T15:17:42.253065" level="WARN">Imported resource file 'c:\Users\Pedro\Desktop\Desafio\DESAFIO_ACCENTURE\WEB\Pages\Page_Object.robot' is empty.</msg>
</errors>
</robot>
